0 info it worked if it ends with ok
1 verbose cli [ 'C:\\Program Files\\nodejs\\node.exe',
1 verbose cli   'C:\\Program Files\\nodejs\\node_modules\\npm\\bin\\npm-cli.js',
1 verbose cli   'start' ]
2 info using npm@3.10.3
3 info using node@v6.6.0
4 verbose run-script [ 'prestart', 'start', 'poststart' ]
5 info lifecycle angular2-quickstart@1.0.0~prestart: angular2-quickstart@1.0.0
6 silly lifecycle angular2-quickstart@1.0.0~prestart: no script for prestart, continuing
7 info lifecycle angular2-quickstart@1.0.0~start: angular2-quickstart@1.0.0
8 verbose lifecycle angular2-quickstart@1.0.0~start: unsafe-perm in lifecycle true
9 verbose lifecycle angular2-quickstart@1.0.0~start: PATH: C:\Program Files\nodejs\node_modules\npm\bin\node-gyp-bin;C:\xampp\htdocs\angular_inicio\node_modules\.bin;C:\Program Files\nodejs;C:\Program Files\cmder\bin;C:\Program Files\cmder\vendor\conemu-maximus5\ConEmu\Scripts;C:\Program Files\cmder\vendor\conemu-maximus5;C:\Program Files\cmder\vendor\conemu-maximus5\ConEmu;C:\ProgramData\Oracle\Java\javapath;C:\Program Files (x86)\Intel\iCLS Client\;C:\Program Files\Intel\iCLS Client\;C:\Program Files\Broadcom\Broadcom 802.11 Network Adapter;C:\Windows\system32;C:\Windows;C:\Windows\System32\Wbem;C:\Windows\System32\WindowsPowerShell\v1.0\;C:\Program Files\Intel\WiFi\bin\;C:\Program Files\Common Files\Intel\WirelessCommon\;C:\Program Files (x86)\Intel\OpenCL SDK\2.0\bin\x86;C:\Program Files (x86)\Intel\OpenCL SDK\2.0\bin\x64;C:\Program Files\Intel\Intel(R) Management Engine Components\DAL;C:\Program Files\Intel\Intel(R) Management Engine Components\IPT;C:\Program Files (x86)\Intel\Intel(R) Management Engine Components\DAL;C:\Program Files (x86)\Intel\Intel(R) Management Engine Components\IPT;C:\xampp7\php;C:\ProgramData\ComposerSetup\bin;C:msysgitbin;C:msysgitmingwbin;C:\Program Files\Git\cmd;C:\Program Files\Git\mingw64\bin;C:\Program Files\Git\usr\bin;C:\Program Files\Java\jdk1.8.0_101\bin;C:\Program Files\nodejs\;C:\MinGW\bin;C:\Program Files (x86)\Yarn\bin;C:\Program Files (x86)\Skype\Phone\;C:\Program Files\Intel\WiFi\bin\;C:\Program Files\Common Files\Intel\WirelessCommon\;C:\Users\JEFFERSON\AppData\Roaming\Composer\vendor\bin;C:msysgitbin;C:msysgitmingwbin;C:\Users\JEFFERSON\AppData\Roaming\npm;C:\Users\JEFFERSON\AppData\Local\Yarn\.bin;C:MinGW\bin;C:\Program Files\Heroku\bin;C:\Program Files\Git\usr\bin;C:\Program Files\Git\usr\share\vim\vim74;C:\Program Files\cmder\
10 verbose lifecycle angular2-quickstart@1.0.0~start: CWD: C:\xampp\htdocs\angular_inicio
11 silly lifecycle angular2-quickstart@1.0.0~start: Args: [ '/d /s /c',
11 silly lifecycle   'tsc && concurrently "npm run tsc:w" "npm run lite" ' ]
12 silly lifecycle angular2-quickstart@1.0.0~start: Returned: code: 2  signal: null
13 info lifecycle angular2-quickstart@1.0.0~start: Failed to exec start script
14 verbose stack Error: angular2-quickstart@1.0.0 start: `tsc && concurrently "npm run tsc:w" "npm run lite" `
14 verbose stack Exit status 2
14 verbose stack     at EventEmitter.<anonymous> (C:\Program Files\nodejs\node_modules\npm\lib\utils\lifecycle.js:242:16)
14 verbose stack     at emitTwo (events.js:106:13)
14 verbose stack     at EventEmitter.emit (events.js:191:7)
14 verbose stack     at ChildProcess.<anonymous> (C:\Program Files\nodejs\node_modules\npm\lib\utils\spawn.js:40:14)
14 verbose stack     at emitTwo (events.js:106:13)
14 verbose stack     at ChildProcess.emit (events.js:191:7)
14 verbose stack     at maybeClose (internal/child_process.js:877:16)
14 verbose stack     at Process.ChildProcess._handle.onexit (internal/child_process.js:226:5)
15 verbose pkgid angular2-quickstart@1.0.0
16 verbose cwd C:\xampp\htdocs\angular_inicio
17 error Windows_NT 6.1.7601
18 error argv "C:\\Program Files\\nodejs\\node.exe" "C:\\Program Files\\nodejs\\node_modules\\npm\\bin\\npm-cli.js" "start"
19 error node v6.6.0
20 error npm  v3.10.3
21 error code ELIFECYCLE
22 error angular2-quickstart@1.0.0 start: `tsc && concurrently "npm run tsc:w" "npm run lite" `
22 error Exit status 2
23 error Failed at the angular2-quickstart@1.0.0 start script 'tsc && concurrently "npm run tsc:w" "npm run lite" '.
23 error Make sure you have the latest version of node.js and npm installed.
23 error If you do, this is most likely a problem with the angular2-quickstart package,
23 error not with npm itself.
23 error Tell the author that this fails on your system:
23 error     tsc && concurrently "npm run tsc:w" "npm run lite"
23 error You can get information on how to open an issue for this project with:
23 error     npm bugs angular2-quickstart
23 error Or if that isn't available, you can get their info via:
23 error     npm owner ls angular2-quickstart
23 error There is likely additional logging output above.
24 verbose exit [ 1, true ]
